[I 15:56:50.797 NotebookApp] Serving notebooks from local directory: /srv/web_novel_analysis
[I 15:56:50.797 NotebookApp] The Jupyter Notebook is running at:
[I 15:56:50.797 NotebookApp] http://ip-172-31-34-72:8888/
[I 15:56:50.797 NotebookApp] Use Control-C to stop this server and shut down all kernels (twice to skip confirmation).
[W 15:56:50.802 NotebookApp] No web browser found: could not locate runnable browser.
[I 15:56:52.842 NotebookApp] Interrupted...
[I 15:56:52.843 NotebookApp] Shutting down 0 kernels
[I 15:57:09.290 NotebookApp] Serving notebooks from local directory: /srv/web_novel_analysis
[I 15:57:09.290 NotebookApp] The Jupyter Notebook is running at:
[I 15:57:09.290 NotebookApp] http://ip-172-31-34-72:8888/
[I 15:57:09.290 NotebookApp] Use Control-C to stop this server and shut down all kernels (twice to skip confirmation).
[W 15:57:09.295 NotebookApp] No web browser found: could not locate runnable browser.
[I 15:57:09.457 NotebookApp] 302 GET / (59.22.177.6) 0.57ms
[I 15:57:22.693 NotebookApp] Interrupted...
[I 15:57:22.693 NotebookApp] Shutting down 0 kernels
[I 15:58:24.750 NotebookApp] Serving notebooks from local directory: /srv/web_novel_analysis
[I 15:58:24.750 NotebookApp] The Jupyter Notebook is running at:
[I 15:58:24.750 NotebookApp] http://ip-172-31-34-72:8888/
[I 15:58:24.750 NotebookApp] Use Control-C to stop this server and shut down all kernels (twice to skip confirmation).
[W 15:58:24.755 NotebookApp] No web browser found: could not locate runnable browser.
[I 15:58:39.221 NotebookApp] Saving file at /web_novel_analysis/urls.py
[I 15:58:50.894 NotebookApp] Saving file at /web_novel_analysis/settings.py
[I 15:58:55.386 NotebookApp] Interrupted...
[I 15:58:55.386 NotebookApp] Shutting down 0 kernels
[I 16:00:20.897 NotebookApp] Serving notebooks from local directory: /srv/web_novel_analysis
[I 16:00:20.897 NotebookApp] The Jupyter Notebook is running at:
[I 16:00:20.897 NotebookApp] http://ip-172-31-34-72:8888/
[I 16:00:20.897 NotebookApp] Use Control-C to stop this server and shut down all kernels (twice to skip confirmation).
[W 16:00:20.902 NotebookApp] No web browser found: could not locate runnable browser.
[I 16:00:35.616 NotebookApp] Saving file at /web_novel_analysis/settings.py
[I 16:00:39.708 NotebookApp] Interrupted...
[I 16:00:39.708 NotebookApp] Shutting down 0 kernels
[I 16:11:47.311 NotebookApp] Serving notebooks from local directory: /srv/web_novel_analysis
[I 16:11:47.312 NotebookApp] The Jupyter Notebook is running at:
[I 16:11:47.312 NotebookApp] http://ip-172-31-34-72:8888/
[I 16:11:47.312 NotebookApp] Use Control-C to stop this server and shut down all kernels (twice to skip confirmation).
[W 16:11:47.317 NotebookApp] No web browser found: could not locate runnable browser.
[I 16:12:21.822 NotebookApp] Saving file at /web_novel_analysis/settings.py
[I 16:12:33.588 NotebookApp] Interrupted...
[I 16:12:33.589 NotebookApp] Shutting down 0 kernels
[I 19:32:39.026 NotebookApp] The port 8888 is already in use, trying another port.
[I 19:32:39.029 NotebookApp] Serving notebooks from local directory: /srv/web_novel_analysis
[I 19:32:39.029 NotebookApp] The Jupyter Notebook is running at:
[I 19:32:39.030 NotebookApp] http://ip-172-31-34-72:8889/
[I 19:32:39.030 NotebookApp] Use Control-C to stop this server and shut down all kernels (twice to skip confirmation).
[W 19:32:39.034 NotebookApp] No web browser found: could not locate runnable browser.
[I 19:34:20.612 NotebookApp] The port 8888 is already in use, trying another port.
[I 19:34:20.613 NotebookApp] The port 8889 is already in use, trying another port.
[I 19:34:20.616 NotebookApp] Serving notebooks from local directory: /srv/web_novel_analysis
[I 19:34:20.616 NotebookApp] The Jupyter Notebook is running at:
[I 19:34:20.616 NotebookApp] http://ip-172-31-34-72:8890/
[I 19:34:20.616 NotebookApp] Use Control-C to stop this server and shut down all kernels (twice to skip confirmation).
[W 19:34:20.621 NotebookApp] No web browser found: could not locate runnable browser.
[I 19:34:50.892 NotebookApp] Interrupted...
[I 19:34:50.892 NotebookApp] Shutting down 0 kernels
[I 19:35:04.529 NotebookApp] The port 8888 is already in use, trying another port.
[I 19:35:04.530 NotebookApp] The port 8889 is already in use, trying another port.
[I 19:35:04.533 NotebookApp] Serving notebooks from local directory: /srv/web_novel_analysis
[I 19:35:04.533 NotebookApp] The Jupyter Notebook is running at:
[I 19:35:04.533 NotebookApp] http://ip-172-31-34-72:8890/
[I 19:35:04.533 NotebookApp] Use Control-C to stop this server and shut down all kernels (twice to skip confirmation).
[W 19:35:04.538 NotebookApp] No web browser found: could not locate runnable browser.
[I 19:35:36.289 NotebookApp] Interrupted...
[I 19:35:36.289 NotebookApp] Shutting down 0 kernels
[I 19:35:38.705 NotebookApp] Serving notebooks from local directory: /srv/web_novel_analysis
[I 19:35:38.705 NotebookApp] The Jupyter Notebook is running at:
[I 19:35:38.705 NotebookApp] http://ip-172-31-34-72:8888/
[I 19:35:38.705 NotebookApp] Use Control-C to stop this server and shut down all kernels (twice to skip confirmation).
[W 19:35:38.710 NotebookApp] No web browser found: could not locate runnable browser.
[I 19:35:56.085 NotebookApp] 302 GET / (59.22.177.6) 0.51ms
[W 19:41:59.144 NotebookApp] delete /북팔댓글분석.ipynb
[W 19:41:59.149 NotebookApp] delete /조아라 댓글 크롤러.ipynb
[W 19:41:59.150 NotebookApp] delete /인물 분석 모듈.ipynb
[W 19:41:59.151 NotebookApp] delete /톡소다 댓글 분석 모듈.ipynb
[W 19:42:53.737 NotebookApp] delete /scheduler
[W 19:43:03.107 NotebookApp] 400 GET /api/contents/chromedriver?type=file&format=text&_=1608061383331 (59.22.177.6): /srv/web_novel_analysis/chromedriver is not UTF-8 encoded
[W 19:43:03.107 NotebookApp] /srv/web_novel_analysis/chromedriver is not UTF-8 encoded
[W 19:43:03.107 NotebookApp] 400 GET /api/contents/chromedriver?type=file&format=text&_=1608061383331 (59.22.177.6) 59.96ms referer=http://ec2-13-209-77-163.ap-northeast-2.compute.amazonaws.com:8888/edit/chromedriver
[W 19:43:36.846 NotebookApp] delete /chromedriver
